<?xml version="1.0" encoding="UTF-8"?>
<testng-results skipped="0" failed="0" ignored="0" total="1" passed="1">
  <reporter-output>
  </reporter-output>
  <suite name="Default suite" duration-ms="24789" started-at="2020-07-07T13:25:18Z" finished-at="2020-07-07T13:25:43Z">
    <groups>
    </groups>
    <test name="Default test" duration-ms="24789" started-at="2020-07-07T13:25:18Z" finished-at="2020-07-07T13:25:43Z">
      <class name="test_scripts.TestActi">
        <test-method status="PASS" signature="testLogin()[pri:0, instance:test_scripts.TestActi@2a5ca609]" name="testLogin" duration-ms="24768" started-at="2020-07-07T18:55:18Z" finished-at="2020-07-07T18:55:43Z">
          <reporter-output>
          </reporter-output>
        </test-method> <!-- testLogin -->
      </class> <!-- test_scripts.TestActi -->
    </test> <!-- Default test -->
  </suite> <!-- Default suite -->
</testng-results>
